Running: autoreconf -vfi ...
autoreconf: export WARNINGS=
autoreconf: Entering directory '.'
autoreconf: configure.ac: not using Gettext
autoreconf: running: aclocal --force 
autoreconf: configure.ac: tracing
autoreconf: configure.ac: not using Libtool
autoreconf: configure.ac: not using Intltool
autoreconf: configure.ac: not using Gtkdoc
autoreconf: running: /usr/bin/autoconf --force
configure.ac:7: warning: The macro `AC_CONFIG_HEADER' is obsolete.
configure.ac:7: You should run autoupdate.
./lib/autoconf/status.m4:719: AC_CONFIG_HEADER is expanded from...
configure.ac:7: the top level
configure.ac:23: warning: The macro `AC_HEADER_STDC' is obsolete.
configure.ac:23: You should run autoupdate.
./lib/autoconf/headers.m4:704: AC_HEADER_STDC is expanded from...
configure.ac:23: the top level
configure.ac:34: warning: The macro `AC_HEADER_TIME' is obsolete.
configure.ac:34: You should run autoupdate.
./lib/autoconf/headers.m4:743: AC_HEADER_TIME is expanded from...
configure.ac:34: the top level
configure.ac:44: warning: The macro `AC_TYPE_SIGNAL' is obsolete.
configure.ac:44: You should run autoupdate.
./lib/autoconf/types.m4:776: AC_TYPE_SIGNAL is expanded from...
configure.ac:44: the top level
autoreconf: running: /usr/bin/autoheader --force
autoreconf: running: automake --add-missing --copy --force-missing
configure.ac:41: installing './config.guess'
configure.ac:41: installing './config.sub'
autoreconf: Leaving directory '.'
Running: aclocal ...
Running: automake ...
Running: autoconf ...
configure.ac:7: warning: The macro `AC_CONFIG_HEADER' is obsolete.
configure.ac:7: You should run autoupdate.
./lib/autoconf/status.m4:719: AC_CONFIG_HEADER is expanded from...
configure.ac:7: the top level
configure.ac:23: warning: The macro `AC_HEADER_STDC' is obsolete.
configure.ac:23: You should run autoupdate.
./lib/autoconf/headers.m4:704: AC_HEADER_STDC is expanded from...
configure.ac:23: the top level
configure.ac:34: warning: The macro `AC_HEADER_TIME' is obsolete.
configure.ac:34: You should run autoupdate.
./lib/autoconf/headers.m4:743: AC_HEADER_TIME is expanded from...
configure.ac:34: the top level
configure.ac:44: warning: The macro `AC_TYPE_SIGNAL' is obsolete.
configure.ac:44: You should run autoupdate.
./lib/autoconf/types.m4:776: AC_TYPE_SIGNAL is expanded from...
configure.ac:44: the top level
