autoscan: warning: missing AC_CHECK_FUNCS([mblen]) wanted by: 
	im/imj.cpp:3080
autoscan: warning: missing AC_CHECK_FUNCS([wcwidth]) wanted by: 
	im/imj.cpp:3070
autoscan: warning: missing AC_CHECK_HEADERS([limits.h]) wanted by: 
	im/imj.cpp:31
autoscan: warning: missing AC_HEADER_STDBOOL wanted by: 
	im/.moc/moc_imjqtui.cpp:79
	im/.moc/moc_imjqtui.cpp:89
	im/.moc/moc_imjqtui.cpp:95
	im/.moc/moc_imjqtui.cpp:100
	im/.moc/moc_imjqttestui.cpp:79
	im/.moc/moc_imjqttestui.cpp:89
	im/.moc/moc_imjqttestui.cpp:95
	im/.moc/moc_imjqttestui.cpp:100
	im/.ui/ui_imjqt.h:142
	im/.ui/ui_imjqt.h:56
	im/.ui/ui_imjqt.h:60
	im/.ui/ui_imjqt.h:64
	im/.ui/ui_imjqt.h:68
	im/.ui/ui_imjqt.h:72
	im/.ui/ui_imjqt.h:76
	im/.ui/ui_imjqt.h:80
	im/.ui/ui_imjqt.h:84
	im/.ui/ui_imjqt.h:88
	im/.ui/ui_imjqt.h:92
	im/.ui/ui_imjqt.h:96
	im/.ui/ui_imjqt.h:109
	im/.ui/ui_imjqt.h:143
	im/.ui/ui_imjqttest.h:83
autoscan: warning: missing AC_PROG_CXX wanted by: 
	term.cpp
	im/imjcui.cpp
	im/imjcuitest.cpp
	im/imjqt.cpp
	im/imjqttest.cpp
	im/imj.cpp
	im/.moc/moc_imjqtui.cpp
	im/.moc/moc_imjqttestui.cpp
	im/Makefile:12
	im/Makefile:17
	im/Makefile:12
autoscan: warning: missing AC_PROG_LN_S wanted by: 
	im/Makefile:34
autoscan: warning: missing AC_PROG_RANLIB wanted by: 
	im/Makefile:21
