This file contains any messages produced by compilers while
running configure, to aid debugging if configure makes a mistake.

It was created by ucon configure 23.0114, which was
generated by GNU Autoconf 2.69.  Invocation command line was

  $ ./configure 

## --------- ##
## Platform. ##
## --------- ##

hostname = user-dynabook-P1-S3LN-BL
uname -m = x86_64
uname -r = 6.2.0-20-generic
uname -s = Linux
uname -v = #20-Ubuntu SMP PREEMPT_DYNAMIC Thu Apr  6 07:48:48 UTC 2023

/usr/bin/uname -p = x86_64
/bin/uname -X     = unknown

/bin/arch              = x86_64
/usr/bin/arch -k       = unknown
/usr/convex/getsysinfo = unknown
/usr/bin/hostinfo      = unknown
/bin/machine           = unknown
/usr/bin/oslevel       = unknown
/bin/universe          = unknown

PATH: /usr/local/sbin
PATH: /usr/local/bin
PATH: /usr/sbin
PATH: /usr/bin
PATH: /sbin
PATH: /bin
PATH: /usr/games
PATH: /usr/local/games
PATH: /snap/bin
PATH: /snap/bin


## ----------- ##
## Core tests. ##
## ----------- ##

configure:2398: checking for a BSD-compatible install
configure:2466: result: /usr/bin/install -c
configure:2477: checking whether build environment is sane
configure:2532: result: yes
configure:2678: checking for a thread-safe mkdir -p
configure:2717: result: /usr/bin/mkdir -p
configure:2724: checking for gawk
configure:2754: result: no
configure:2724: checking for mawk
configure:2740: found /usr/bin/mawk
configure:2751: result: mawk
configure:2762: checking whether make sets $(MAKE)
configure:2784: result: yes
configure:2813: checking whether make supports nested variables
configure:2830: result: yes
configure:3016: checking for g++
configure:3032: found /usr/bin/g++
configure:3043: result: g++
configure:3070: checking for C++ compiler version
configure:3079: g++ --version >&5
g++ (Ubuntu 12.2.0-17ubuntu1) 12.2.0
Copyright (C) 2022 Free Software Foundation, Inc.
This is free software; see the source for copying conditions.  There is NO
warranty; not even for MERCHANTABILITY or FITNESS FOR A PARTICULAR PURPOSE.

configure:3090: $? = 0
configure:3079: g++ -v >&5
Using built-in specs.
COLLECT_GCC=g++
COLLECT_LTO_WRAPPER=/usr/lib/gcc/x86_64-linux-gnu/12/lto-wrapper
OFFLOAD_TARGET_NAMES=nvptx-none:amdgcn-amdhsa
OFFLOAD_TARGET_DEFAULT=1
Target: x86_64-linux-gnu
Configured with: ../src/configure -v --with-pkgversion='Ubuntu 12.2.0-17ubuntu1' --with-bugurl=file:///usr/share/doc/gcc-12/README.Bugs --enable-languages=c,ada,c++,go,d,fortran,objc,obj-c++,m2 --prefix=/usr --with-gcc-major-version-only --program-suffix=-12 --program-prefix=x86_64-linux-gnu- --enable-shared --enable-linker-build-id --libexecdir=/usr/lib --without-included-gettext --enable-threads=posix --libdir=/usr/lib --enable-nls --enable-clocale=gnu --enable-libstdcxx-debug --enable-libstdcxx-time=yes --with-default-libstdcxx-abi=new --enable-gnu-unique-object --disable-vtable-verify --enable-plugin --enable-default-pie --with-system-zlib --enable-libphobos-checking=release --with-target-system-zlib=auto --enable-objc-gc=auto --enable-multiarch --disable-werror --enable-cet --with-arch-32=i686 --with-abi=m64 --with-multilib-list=m32,m64,mx32 --enable-multilib --with-tune=generic --enable-offload-targets=nvptx-none=/build/gcc-12-Pa930Z/gcc-12-12.2.0/debian/tmp-nvptx/usr,amdgcn-amdhsa=/build/gcc-12-Pa930Z/gcc-12-12.2.0/debian/tmp-gcn/usr --enable-offload-defaulted --without-cuda-driver --enable-checking=release --build=x86_64-linux-gnu --host=x86_64-linux-gnu --target=x86_64-linux-gnu
Thread model: posix
Supported LTO compression algorithms: zlib zstd
gcc version 12.2.0 (Ubuntu 12.2.0-17ubuntu1) 
... rest of stderr output deleted ...
configure:3090: $? = 0
configure:3079: g++ -V >&5
g++: error: unrecognized command-line option '-V'
g++: fatal error: no input files
compilation terminated.
configure:3090: $? = 1
configure:3079: g++ -qversion >&5
g++: error: unrecognized command-line option '-qversion'; did you mean '--version'?
g++: fatal error: no input files
compilation terminated.
configure:3090: $? = 1
configure:3110: checking whether the C++ compiler works
configure:3132: g++    conftest.cpp  >&5
configure:3136: $? = 0
configure:3184: result: yes
configure:3187: checking for C++ compiler default output file name
configure:3189: result: a.out
configure:3195: checking for suffix of executables
configure:3202: g++ -o conftest    conftest.cpp  >&5
configure:3206: $? = 0
configure:3228: result: 
configure:3250: checking whether we are cross compiling
configure:3258: g++ -o conftest    conftest.cpp  >&5
configure:3262: $? = 0
configure:3269: ./conftest
configure:3273: $? = 0
configure:3288: result: no
configure:3293: checking for suffix of object files
configure:3315: g++ -c   conftest.cpp >&5
configure:3319: $? = 0
configure:3340: result: o
configure:3344: checking whether we are using the GNU C++ compiler
configure:3363: g++ -c   conftest.cpp >&5
configure:3363: $? = 0
configure:3372: result: yes
configure:3381: checking whether g++ accepts -g
configure:3401: g++ -c -g  conftest.cpp >&5
configure:3401: $? = 0
configure:3442: result: yes
configure:3468: checking whether make supports the include directive
configure:3483: make -f confmf.GNU && cat confinc.out
this is the am__doit target
configure:3486: $? = 0
configure:3505: result: yes (GNU style)
configure:3530: checking dependency style of g++
configure:3641: result: gcc3
configure:3704: checking for gcc
configure:3720: found /usr/bin/gcc
configure:3731: result: gcc
configure:3960: checking for C compiler version
configure:3969: gcc --version >&5
gcc (Ubuntu 12.2.0-17ubuntu1) 12.2.0
Copyright (C) 2022 Free Software Foundation, Inc.
This is free software; see the source for copying conditions.  There is NO
warranty; not even for MERCHANTABILITY or FITNESS FOR A PARTICULAR PURPOSE.

configure:3980: $? = 0
configure:3969: gcc -v >&5
Using built-in specs.
COLLECT_GCC=gcc
COLLECT_LTO_WRAPPER=/usr/lib/gcc/x86_64-linux-gnu/12/lto-wrapper
OFFLOAD_TARGET_NAMES=nvptx-none:amdgcn-amdhsa
OFFLOAD_TARGET_DEFAULT=1
Target: x86_64-linux-gnu
Configured with: ../src/configure -v --with-pkgversion='Ubuntu 12.2.0-17ubuntu1' --with-bugurl=file:///usr/share/doc/gcc-12/README.Bugs --enable-languages=c,ada,c++,go,d,fortran,objc,obj-c++,m2 --prefix=/usr --with-gcc-major-version-only --program-suffix=-12 --program-prefix=x86_64-linux-gnu- --enable-shared --enable-linker-build-id --libexecdir=/usr/lib --without-included-gettext --enable-threads=posix --libdir=/usr/lib --enable-nls --enable-clocale=gnu --enable-libstdcxx-debug --enable-libstdcxx-time=yes --with-default-libstdcxx-abi=new --enable-gnu-unique-object --disable-vtable-verify --enable-plugin --enable-default-pie --with-system-zlib --enable-libphobos-checking=release --with-target-system-zlib=auto --enable-objc-gc=auto --enable-multiarch --disable-werror --enable-cet --with-arch-32=i686 --with-abi=m64 --with-multilib-list=m32,m64,mx32 --enable-multilib --with-tune=generic --enable-offload-targets=nvptx-none=/build/gcc-12-Pa930Z/gcc-12-12.2.0/debian/tmp-nvptx/usr,amdgcn-amdhsa=/build/gcc-12-Pa930Z/gcc-12-12.2.0/debian/tmp-gcn/usr --enable-offload-defaulted --without-cuda-driver --enable-checking=release --build=x86_64-linux-gnu --host=x86_64-linux-gnu --target=x86_64-linux-gnu
Thread model: posix
Supported LTO compression algorithms: zlib zstd
gcc version 12.2.0 (Ubuntu 12.2.0-17ubuntu1) 
... rest of stderr output deleted ...
configure:3980: $? = 0
configure:3969: gcc -V >&5
gcc: error: unrecognized command-line option '-V'
gcc: fatal error: no input files
compilation terminated.
configure:3980: $? = 1
configure:3969: gcc -qversion >&5
gcc: error: unrecognized command-line option '-qversion'; did you mean '--version'?
gcc: fatal error: no input files
compilation terminated.
configure:3980: $? = 1
configure:3984: checking whether we are using the GNU C compiler
configure:4003: gcc -c   conftest.c >&5
configure:4003: $? = 0
configure:4012: result: yes
configure:4021: checking whether gcc accepts -g
configure:4041: gcc -c -g  conftest.c >&5
configure:4041: $? = 0
configure:4082: result: yes
configure:4099: checking for gcc option to accept ISO C89
configure:4162: gcc  -c -g -O2  conftest.c >&5
configure:4162: $? = 0
configure:4175: result: none needed
configure:4200: checking whether gcc understands -c and -o together
configure:4222: gcc -c conftest.c -o conftest2.o
configure:4225: $? = 0
configure:4222: gcc -c conftest.c -o conftest2.o
configure:4225: $? = 0
configure:4237: result: yes
configure:4256: checking dependency style of gcc
configure:4367: result: gcc3
configure:4383: checking whether ln -s works
configure:4387: result: yes
configure:4437: checking for ranlib
configure:4453: found /usr/bin/ranlib
configure:4464: result: ranlib
configure:4490: checking for main in -lutil
configure:4509: gcc -o conftest -g -O2   conftest.c -lutil   >&5
configure:4509: $? = 0
configure:4518: result: yes
configure:4536: checking how to run the C preprocessor
configure:4567: gcc -E  conftest.c
configure:4567: $? = 0
configure:4581: gcc -E  conftest.c
conftest.c:12:10: fatal error: ac_nonexistent.h: No such file or directory
   12 | #include <ac_nonexistent.h>
      |          ^~~~~~~~~~~~~~~~~~
compilation terminated.
configure:4581: $? = 1
configure: failed program was:
| /* confdefs.h */
| #define PACKAGE_NAME "ucon"
| #define PACKAGE_TARNAME "ucon"
| #define PACKAGE_VERSION "23.0114"
| #define PACKAGE_STRING "ucon 23.0114"
| #define PACKAGE_BUGREPORT "www.sourceforge.net"
| #define PACKAGE_URL ""
| #define PACKAGE "ucon"
| #define VERSION "23.0114"
| #define HAVE_LIBUTIL 1
| /* end confdefs.h.  */
| #include <ac_nonexistent.h>
configure:4606: result: gcc -E
configure:4626: gcc -E  conftest.c
configure:4626: $? = 0
configure:4640: gcc -E  conftest.c
conftest.c:12:10: fatal error: ac_nonexistent.h: No such file or directory
   12 | #include <ac_nonexistent.h>
      |          ^~~~~~~~~~~~~~~~~~
compilation terminated.
configure:4640: $? = 1
configure: failed program was:
| /* confdefs.h */
| #define PACKAGE_NAME "ucon"
| #define PACKAGE_TARNAME "ucon"
| #define PACKAGE_VERSION "23.0114"
| #define PACKAGE_STRING "ucon 23.0114"
| #define PACKAGE_BUGREPORT "www.sourceforge.net"
| #define PACKAGE_URL ""
| #define PACKAGE "ucon"
| #define VERSION "23.0114"
| #define HAVE_LIBUTIL 1
| /* end confdefs.h.  */
| #include <ac_nonexistent.h>
configure:4669: checking for grep that handles long lines and -e
configure:4727: result: /usr/bin/grep
configure:4732: checking for egrep
configure:4794: result: /usr/bin/grep -E
configure:4799: checking for ANSI C header files
configure:4819: gcc -c -g -O2  conftest.c >&5
configure:4819: $? = 0
configure:4892: gcc -o conftest -g -O2   conftest.c -lutil  >&5
configure:4892: $? = 0
configure:4892: ./conftest
configure:4892: $? = 0
configure:4903: result: yes
configure:4911: checking for sys/wait.h that is POSIX.1 compatible
configure:4937: gcc -c -g -O2  conftest.c >&5
configure:4937: $? = 0
configure:4944: result: yes
configure:4957: checking for sys/types.h
configure:4957: gcc -c -g -O2  conftest.c >&5
configure:4957: $? = 0
configure:4957: result: yes
configure:4957: checking for sys/stat.h
configure:4957: gcc -c -g -O2  conftest.c >&5
configure:4957: $? = 0
configure:4957: result: yes
configure:4957: checking for stdlib.h
configure:4957: gcc -c -g -O2  conftest.c >&5
configure:4957: $? = 0
configure:4957: result: yes
configure:4957: checking for string.h
configure:4957: gcc -c -g -O2  conftest.c >&5
configure:4957: $? = 0
configure:4957: result: yes
configure:4957: checking for memory.h
configure:4957: gcc -c -g -O2  conftest.c >&5
configure:4957: $? = 0
configure:4957: result: yes
configure:4957: checking for strings.h
configure:4957: gcc -c -g -O2  conftest.c >&5
configure:4957: $? = 0
configure:4957: result: yes
configure:4957: checking for inttypes.h
configure:4957: gcc -c -g -O2  conftest.c >&5
configure:4957: $? = 0
configure:4957: result: yes
configure:4957: checking for stdint.h
configure:4957: gcc -c -g -O2  conftest.c >&5
configure:4957: $? = 0
configure:4957: result: yes
configure:4957: checking for unistd.h
configure:4957: gcc -c -g -O2  conftest.c >&5
configure:4957: $? = 0
configure:4957: result: yes
configure:4972: checking fcntl.h usability
configure:4972: gcc -c -g -O2  conftest.c >&5
configure:4972: $? = 0
configure:4972: result: yes
configure:4972: checking fcntl.h presence
configure:4972: gcc -E  conftest.c
configure:4972: $? = 0
configure:4972: result: yes
configure:4972: checking for fcntl.h
configure:4972: result: yes
configure:4972: checking langinfo.h usability
configure:4972: gcc -c -g -O2  conftest.c >&5
configure:4972: $? = 0
configure:4972: result: yes
configure:4972: checking langinfo.h presence
configure:4972: gcc -E  conftest.c
configure:4972: $? = 0
configure:4972: result: yes
configure:4972: checking for langinfo.h
configure:4972: result: yes
configure:4972: checking locale.h usability
configure:4972: gcc -c -g -O2  conftest.c >&5
configure:4972: $? = 0
configure:4972: result: yes
configure:4972: checking locale.h presence
configure:4972: gcc -E  conftest.c
configure:4972: $? = 0
configure:4972: result: yes
configure:4972: checking for locale.h
configure:4972: result: yes
configure:4972: checking malloc.h usability
configure:4972: gcc -c -g -O2  conftest.c >&5
configure:4972: $? = 0
configure:4972: result: yes
configure:4972: checking malloc.h presence
configure:4972: gcc -E  conftest.c
configure:4972: $? = 0
configure:4972: result: yes
configure:4972: checking for malloc.h
configure:4972: result: yes
configure:4972: checking for stdlib.h
configure:4972: result: yes
configure:4972: checking for string.h
configure:4972: result: yes
configure:4972: checking sys/ioctl.h usability
configure:4972: gcc -c -g -O2  conftest.c >&5
configure:4972: $? = 0
configure:4972: result: yes
configure:4972: checking sys/ioctl.h presence
configure:4972: gcc -E  conftest.c
configure:4972: $? = 0
configure:4972: result: yes
configure:4972: checking for sys/ioctl.h
configure:4972: result: yes
configure:4972: checking sys/time.h usability
configure:4972: gcc -c -g -O2  conftest.c >&5
configure:4972: $? = 0
configure:4972: result: yes
configure:4972: checking sys/time.h presence
configure:4972: gcc -E  conftest.c
configure:4972: $? = 0
configure:4972: result: yes
configure:4972: checking for sys/time.h
configure:4972: result: yes
configure:4972: checking termios.h usability
configure:4972: gcc -c -g -O2  conftest.c >&5
configure:4972: $? = 0
configure:4972: result: yes
configure:4972: checking termios.h presence
configure:4972: gcc -E  conftest.c
configure:4972: $? = 0
configure:4972: result: yes
configure:4972: checking for termios.h
configure:4972: result: yes
configure:4972: checking for unistd.h
configure:4972: result: yes
configure:4972: checking utmp.h usability
configure:4972: gcc -c -g -O2  conftest.c >&5
configure:4972: $? = 0
configure:4972: result: yes
configure:4972: checking utmp.h presence
configure:4972: gcc -E  conftest.c
configure:4972: $? = 0
configure:4972: result: yes
configure:4972: checking for utmp.h
configure:4972: result: yes
configure:4972: checking wchar.h usability
configure:4972: gcc -c -g -O2  conftest.c >&5
configure:4972: $? = 0
configure:4972: result: yes
configure:4972: checking wchar.h presence
configure:4972: gcc -E  conftest.c
configure:4972: $? = 0
configure:4972: result: yes
configure:4972: checking for wchar.h
configure:4972: result: yes
configure:4984: checking for an ANSI C-conforming const
configure:5050: gcc -c -g -O2  conftest.c >&5
configure:5050: $? = 0
configure:5057: result: yes
configure:5065: checking for inline
configure:5081: gcc -c -g -O2  conftest.c >&5
configure:5081: $? = 0
configure:5089: result: inline
configure:5107: checking for off_t
configure:5107: gcc -c -g -O2  conftest.c >&5
configure:5107: $? = 0
configure:5107: gcc -c -g -O2  conftest.c >&5
conftest.c: In function 'main':
conftest.c:71:20: error: expected expression before ')' token
   71 | if (sizeof ((off_t)))
      |                    ^
configure:5107: $? = 1
configure: failed program was:
| /* confdefs.h */
| #define PACKAGE_NAME "ucon"
| #define PACKAGE_TARNAME "ucon"
| #define PACKAGE_VERSION "23.0114"
| #define PACKAGE_STRING "ucon 23.0114"
| #define PACKAGE_BUGREPORT "www.sourceforge.net"
| #define PACKAGE_URL ""
| #define PACKAGE "ucon"
| #define VERSION "23.0114"
| #define HAVE_LIBUTIL 1
| #define STDC_HEADERS 1
| #define HAVE_SYS_WAIT_H 1
| #define HAVE_SYS_TYPES_H 1
| #define HAVE_SYS_STAT_H 1
| #define HAVE_STDLIB_H 1
| #define HAVE_STRING_H 1
| #define HAVE_MEMORY_H 1
| #define HAVE_STRINGS_H 1
| #define HAVE_INTTYPES_H 1
| #define HAVE_STDINT_H 1
| #define HAVE_UNISTD_H 1
| #define HAVE_FCNTL_H 1
| #define HAVE_LANGINFO_H 1
| #define HAVE_LOCALE_H 1
| #define HAVE_MALLOC_H 1
| #define HAVE_STDLIB_H 1
| #define HAVE_STRING_H 1
| #define HAVE_SYS_IOCTL_H 1
| #define HAVE_SYS_TIME_H 1
| #define HAVE_TERMIOS_H 1
| #define HAVE_UNISTD_H 1
| #define HAVE_UTMP_H 1
| #define HAVE_WCHAR_H 1
| /* end confdefs.h.  */
| #include <stdio.h>
| #ifdef HAVE_SYS_TYPES_H
| # include <sys/types.h>
| #endif
| #ifdef HAVE_SYS_STAT_H
| # include <sys/stat.h>
| #endif
| #ifdef STDC_HEADERS
| # include <stdlib.h>
| # include <stddef.h>
| #else
| # ifdef HAVE_STDLIB_H
| #  include <stdlib.h>
| # endif
| #endif
| #ifdef HAVE_STRING_H
| # if !defined STDC_HEADERS && defined HAVE_MEMORY_H
| #  include <memory.h>
| # endif
| # include <string.h>
| #endif
| #ifdef HAVE_STRINGS_H
| # include <strings.h>
| #endif
| #ifdef HAVE_INTTYPES_H
| # include <inttypes.h>
| #endif
| #ifdef HAVE_STDINT_H
| # include <stdint.h>
| #endif
| #ifdef HAVE_UNISTD_H
| # include <unistd.h>
| #endif
| int
| main ()
| {
| if (sizeof ((off_t)))
| 	    return 0;
|   ;
|   return 0;
| }
configure:5107: result: yes
configure:5118: checking for pid_t
configure:5118: gcc -c -g -O2  conftest.c >&5
configure:5118: $? = 0
configure:5118: gcc -c -g -O2  conftest.c >&5
conftest.c: In function 'main':
conftest.c:71:20: error: expected expression before ')' token
   71 | if (sizeof ((pid_t)))
      |                    ^
configure:5118: $? = 1
configure: failed program was:
| /* confdefs.h */
| #define PACKAGE_NAME "ucon"
| #define PACKAGE_TARNAME "ucon"
| #define PACKAGE_VERSION "23.0114"
| #define PACKAGE_STRING "ucon 23.0114"
| #define PACKAGE_BUGREPORT "www.sourceforge.net"
| #define PACKAGE_URL ""
| #define PACKAGE "ucon"
| #define VERSION "23.0114"
| #define HAVE_LIBUTIL 1
| #define STDC_HEADERS 1
| #define HAVE_SYS_WAIT_H 1
| #define HAVE_SYS_TYPES_H 1
| #define HAVE_SYS_STAT_H 1
| #define HAVE_STDLIB_H 1
| #define HAVE_STRING_H 1
| #define HAVE_MEMORY_H 1
| #define HAVE_STRINGS_H 1
| #define HAVE_INTTYPES_H 1
| #define HAVE_STDINT_H 1
| #define HAVE_UNISTD_H 1
| #define HAVE_FCNTL_H 1
| #define HAVE_LANGINFO_H 1
| #define HAVE_LOCALE_H 1
| #define HAVE_MALLOC_H 1
| #define HAVE_STDLIB_H 1
| #define HAVE_STRING_H 1
| #define HAVE_SYS_IOCTL_H 1
| #define HAVE_SYS_TIME_H 1
| #define HAVE_TERMIOS_H 1
| #define HAVE_UNISTD_H 1
| #define HAVE_UTMP_H 1
| #define HAVE_WCHAR_H 1
| /* end confdefs.h.  */
| #include <stdio.h>
| #ifdef HAVE_SYS_TYPES_H
| # include <sys/types.h>
| #endif
| #ifdef HAVE_SYS_STAT_H
| # include <sys/stat.h>
| #endif
| #ifdef STDC_HEADERS
| # include <stdlib.h>
| # include <stddef.h>
| #else
| # ifdef HAVE_STDLIB_H
| #  include <stdlib.h>
| # endif
| #endif
| #ifdef HAVE_STRING_H
| # if !defined STDC_HEADERS && defined HAVE_MEMORY_H
| #  include <memory.h>
| # endif
| # include <string.h>
| #endif
| #ifdef HAVE_STRINGS_H
| # include <strings.h>
| #endif
| #ifdef HAVE_INTTYPES_H
| # include <inttypes.h>
| #endif
| #ifdef HAVE_STDINT_H
| # include <stdint.h>
| #endif
| #ifdef HAVE_UNISTD_H
| # include <unistd.h>
| #endif
| int
| main ()
| {
| if (sizeof ((pid_t)))
| 	    return 0;
|   ;
|   return 0;
| }
configure:5118: result: yes
configure:5129: checking for size_t
configure:5129: gcc -c -g -O2  conftest.c >&5
configure:5129: $? = 0
configure:5129: gcc -c -g -O2  conftest.c >&5
conftest.c: In function 'main':
conftest.c:71:21: error: expected expression before ')' token
   71 | if (sizeof ((size_t)))
      |                     ^
configure:5129: $? = 1
configure: failed program was:
| /* confdefs.h */
| #define PACKAGE_NAME "ucon"
| #define PACKAGE_TARNAME "ucon"
| #define PACKAGE_VERSION "23.0114"
| #define PACKAGE_STRING "ucon 23.0114"
| #define PACKAGE_BUGREPORT "www.sourceforge.net"
| #define PACKAGE_URL ""
| #define PACKAGE "ucon"
| #define VERSION "23.0114"
| #define HAVE_LIBUTIL 1
| #define STDC_HEADERS 1
| #define HAVE_SYS_WAIT_H 1
| #define HAVE_SYS_TYPES_H 1
| #define HAVE_SYS_STAT_H 1
| #define HAVE_STDLIB_H 1
| #define HAVE_STRING_H 1
| #define HAVE_MEMORY_H 1
| #define HAVE_STRINGS_H 1
| #define HAVE_INTTYPES_H 1
| #define HAVE_STDINT_H 1
| #define HAVE_UNISTD_H 1
| #define HAVE_FCNTL_H 1
| #define HAVE_LANGINFO_H 1
| #define HAVE_LOCALE_H 1
| #define HAVE_MALLOC_H 1
| #define HAVE_STDLIB_H 1
| #define HAVE_STRING_H 1
| #define HAVE_SYS_IOCTL_H 1
| #define HAVE_SYS_TIME_H 1
| #define HAVE_TERMIOS_H 1
| #define HAVE_UNISTD_H 1
| #define HAVE_UTMP_H 1
| #define HAVE_WCHAR_H 1
| /* end confdefs.h.  */
| #include <stdio.h>
| #ifdef HAVE_SYS_TYPES_H
| # include <sys/types.h>
| #endif
| #ifdef HAVE_SYS_STAT_H
| # include <sys/stat.h>
| #endif
| #ifdef STDC_HEADERS
| # include <stdlib.h>
| # include <stddef.h>
| #else
| # ifdef HAVE_STDLIB_H
| #  include <stdlib.h>
| # endif
| #endif
| #ifdef HAVE_STRING_H
| # if !defined STDC_HEADERS && defined HAVE_MEMORY_H
| #  include <memory.h>
| # endif
| # include <string.h>
| #endif
| #ifdef HAVE_STRINGS_H
| # include <strings.h>
| #endif
| #ifdef HAVE_INTTYPES_H
| # include <inttypes.h>
| #endif
| #ifdef HAVE_STDINT_H
| # include <stdint.h>
| #endif
| #ifdef HAVE_UNISTD_H
| # include <unistd.h>
| #endif
| int
| main ()
| {
| if (sizeof ((size_t)))
| 	    return 0;
|   ;
|   return 0;
| }
configure:5129: result: yes
configure:5140: checking for struct stat.st_rdev
configure:5140: gcc -c -g -O2  conftest.c >&5
configure:5140: $? = 0
configure:5140: result: yes
configure:5150: checking whether time.h and sys/time.h may both be included
configure:5170: gcc -c -g -O2  conftest.c >&5
configure:5170: $? = 0
configure:5177: result: yes
configure:5185: checking for uid_t in sys/types.h
configure:5204: result: yes
configure:5219: checking vfork.h usability
configure:5219: gcc -c -g -O2  conftest.c >&5
conftest.c:70:10: fatal error: vfork.h: No such file or directory
   70 | #include <vfork.h>
      |          ^~~~~~~~~
compilation terminated.
configure:5219: $? = 1
configure: failed program was:
| /* confdefs.h */
| #define PACKAGE_NAME "ucon"
| #define PACKAGE_TARNAME "ucon"
| #define PACKAGE_VERSION "23.0114"
| #define PACKAGE_STRING "ucon 23.0114"
| #define PACKAGE_BUGREPORT "www.sourceforge.net"
| #define PACKAGE_URL ""
| #define PACKAGE "ucon"
| #define VERSION "23.0114"
| #define HAVE_LIBUTIL 1
| #define STDC_HEADERS 1
| #define HAVE_SYS_WAIT_H 1
| #define HAVE_SYS_TYPES_H 1
| #define HAVE_SYS_STAT_H 1
| #define HAVE_STDLIB_H 1
| #define HAVE_STRING_H 1
| #define HAVE_MEMORY_H 1
| #define HAVE_STRINGS_H 1
| #define HAVE_INTTYPES_H 1
| #define HAVE_STDINT_H 1
| #define HAVE_UNISTD_H 1
| #define HAVE_FCNTL_H 1
| #define HAVE_LANGINFO_H 1
| #define HAVE_LOCALE_H 1
| #define HAVE_MALLOC_H 1
| #define HAVE_STDLIB_H 1
| #define HAVE_STRING_H 1
| #define HAVE_SYS_IOCTL_H 1
| #define HAVE_SYS_TIME_H 1
| #define HAVE_TERMIOS_H 1
| #define HAVE_UNISTD_H 1
| #define HAVE_UTMP_H 1
| #define HAVE_WCHAR_H 1
| #define HAVE_STRUCT_STAT_ST_RDEV 1
| #define TIME_WITH_SYS_TIME 1
| /* end confdefs.h.  */
| #include <stdio.h>
| #ifdef HAVE_SYS_TYPES_H
| # include <sys/types.h>
| #endif
| #ifdef HAVE_SYS_STAT_H
| # include <sys/stat.h>
| #endif
| #ifdef STDC_HEADERS
| # include <stdlib.h>
| # include <stddef.h>
| #else
| # ifdef HAVE_STDLIB_H
| #  include <stdlib.h>
| # endif
| #endif
| #ifdef HAVE_STRING_H
| # if !defined STDC_HEADERS && defined HAVE_MEMORY_H
| #  include <memory.h>
| # endif
| # include <string.h>
| #endif
| #ifdef HAVE_STRINGS_H
| # include <strings.h>
| #endif
| #ifdef HAVE_INTTYPES_H
| # include <inttypes.h>
| #endif
| #ifdef HAVE_STDINT_H
| # include <stdint.h>
| #endif
| #ifdef HAVE_UNISTD_H
| # include <unistd.h>
| #endif
| #include <vfork.h>
configure:5219: result: no
configure:5219: checking vfork.h presence
configure:5219: gcc -E  conftest.c
conftest.c:37:10: fatal error: vfork.h: No such file or directory
   37 | #include <vfork.h>
      |          ^~~~~~~~~
compilation terminated.
configure:5219: $? = 1
configure: failed program was:
| /* confdefs.h */
| #define PACKAGE_NAME "ucon"
| #define PACKAGE_TARNAME "ucon"
| #define PACKAGE_VERSION "23.0114"
| #define PACKAGE_STRING "ucon 23.0114"
| #define PACKAGE_BUGREPORT "www.sourceforge.net"
| #define PACKAGE_URL ""
| #define PACKAGE "ucon"
| #define VERSION "23.0114"
| #define HAVE_LIBUTIL 1
| #define STDC_HEADERS 1
| #define HAVE_SYS_WAIT_H 1
| #define HAVE_SYS_TYPES_H 1
| #define HAVE_SYS_STAT_H 1
| #define HAVE_STDLIB_H 1
| #define HAVE_STRING_H 1
| #define HAVE_MEMORY_H 1
| #define HAVE_STRINGS_H 1
| #define HAVE_INTTYPES_H 1
| #define HAVE_STDINT_H 1
| #define HAVE_UNISTD_H 1
| #define HAVE_FCNTL_H 1
| #define HAVE_LANGINFO_H 1
| #define HAVE_LOCALE_H 1
| #define HAVE_MALLOC_H 1
| #define HAVE_STDLIB_H 1
| #define HAVE_STRING_H 1
| #define HAVE_SYS_IOCTL_H 1
| #define HAVE_SYS_TIME_H 1
| #define HAVE_TERMIOS_H 1
| #define HAVE_UNISTD_H 1
| #define HAVE_UTMP_H 1
| #define HAVE_WCHAR_H 1
| #define HAVE_STRUCT_STAT_ST_RDEV 1
| #define TIME_WITH_SYS_TIME 1
| /* end confdefs.h.  */
| #include <vfork.h>
configure:5219: result: no
configure:5219: checking for vfork.h
configure:5219: result: no
configure:5232: checking for fork
configure:5232: gcc -o conftest -g -O2   conftest.c -lutil  >&5
conftest.c:60:6: warning: conflicting types for built-in function 'fork'; expected 'int(void)' [-Wbuiltin-declaration-mismatch]
   60 | char fork ();
      |      ^~~~
configure:5232: $? = 0
configure:5232: result: yes
configure:5232: checking for vfork
configure:5232: gcc -o conftest -g -O2   conftest.c -lutil  >&5
configure:5232: $? = 0
configure:5232: result: yes
configure:5242: checking for working fork
configure:5264: gcc -o conftest -g -O2   conftest.c -lutil  >&5
configure:5264: $? = 0
configure:5264: ./conftest
configure:5264: $? = 0
configure:5274: result: yes
configure:5295: checking for working vfork
configure:5405: result: yes
configure:5431: checking whether gcc needs -traditional
configure:5465: result: no
configure:5472: checking whether sys/types.h defines makedev
configure:5488: gcc -o conftest -g -O2   conftest.c -lutil  >&5
conftest.c: In function 'main':
conftest.c:45:8: warning: implicit declaration of function 'makedev' [-Wimplicit-function-declaration]
   45 | return makedev(0, 0);
      |        ^~~~~~~
/usr/bin/ld: /tmp/ccDW6sKi.o: in function `main':
/media/user/9086eda5-eb82-451b-8d0f-97b552a1c912/home/user/@mx-home-backups/tools/ucon/src/conftest.c:45: undefined reference to `makedev'
collect2: error: ld returned 1 exit status
configure:5488: $? = 1
configure: failed program was:
| /* confdefs.h */
| #define PACKAGE_NAME "ucon"
| #define PACKAGE_TARNAME "ucon"
| #define PACKAGE_VERSION "23.0114"
| #define PACKAGE_STRING "ucon 23.0114"
| #define PACKAGE_BUGREPORT "www.sourceforge.net"
| #define PACKAGE_URL ""
| #define PACKAGE "ucon"
| #define VERSION "23.0114"
| #define HAVE_LIBUTIL 1
| #define STDC_HEADERS 1
| #define HAVE_SYS_WAIT_H 1
| #define HAVE_SYS_TYPES_H 1
| #define HAVE_SYS_STAT_H 1
| #define HAVE_STDLIB_H 1
| #define HAVE_STRING_H 1
| #define HAVE_MEMORY_H 1
| #define HAVE_STRINGS_H 1
| #define HAVE_INTTYPES_H 1
| #define HAVE_STDINT_H 1
| #define HAVE_UNISTD_H 1
| #define HAVE_FCNTL_H 1
| #define HAVE_LANGINFO_H 1
| #define HAVE_LOCALE_H 1
| #define HAVE_MALLOC_H 1
| #define HAVE_STDLIB_H 1
| #define HAVE_STRING_H 1
| #define HAVE_SYS_IOCTL_H 1
| #define HAVE_SYS_TIME_H 1
| #define HAVE_TERMIOS_H 1
| #define HAVE_UNISTD_H 1
| #define HAVE_UTMP_H 1
| #define HAVE_WCHAR_H 1
| #define HAVE_STRUCT_STAT_ST_RDEV 1
| #define TIME_WITH_SYS_TIME 1
| #define HAVE_FORK 1
| #define HAVE_VFORK 1
| #define HAVE_WORKING_VFORK 1
| #define HAVE_WORKING_FORK 1
| /* end confdefs.h.  */
| #include <sys/types.h>
| int
| main ()
| {
| return makedev(0, 0);
|   ;
|   return 0;
| }
configure:5497: result: no
configure:5501: checking sys/mkdev.h usability
configure:5501: gcc -c -g -O2  conftest.c >&5
conftest.c:74:10: fatal error: sys/mkdev.h: No such file or directory
   74 | #include <sys/mkdev.h>
      |          ^~~~~~~~~~~~~
compilation terminated.
configure:5501: $? = 1
configure: failed program was:
| /* confdefs.h */
| #define PACKAGE_NAME "ucon"
| #define PACKAGE_TARNAME "ucon"
| #define PACKAGE_VERSION "23.0114"
| #define PACKAGE_STRING "ucon 23.0114"
| #define PACKAGE_BUGREPORT "www.sourceforge.net"
| #define PACKAGE_URL ""
| #define PACKAGE "ucon"
| #define VERSION "23.0114"
| #define HAVE_LIBUTIL 1
| #define STDC_HEADERS 1
| #define HAVE_SYS_WAIT_H 1
| #define HAVE_SYS_TYPES_H 1
| #define HAVE_SYS_STAT_H 1
| #define HAVE_STDLIB_H 1
| #define HAVE_STRING_H 1
| #define HAVE_MEMORY_H 1
| #define HAVE_STRINGS_H 1
| #define HAVE_INTTYPES_H 1
| #define HAVE_STDINT_H 1
| #define HAVE_UNISTD_H 1
| #define HAVE_FCNTL_H 1
| #define HAVE_LANGINFO_H 1
| #define HAVE_LOCALE_H 1
| #define HAVE_MALLOC_H 1
| #define HAVE_STDLIB_H 1
| #define HAVE_STRING_H 1
| #define HAVE_SYS_IOCTL_H 1
| #define HAVE_SYS_TIME_H 1
| #define HAVE_TERMIOS_H 1
| #define HAVE_UNISTD_H 1
| #define HAVE_UTMP_H 1
| #define HAVE_WCHAR_H 1
| #define HAVE_STRUCT_STAT_ST_RDEV 1
| #define TIME_WITH_SYS_TIME 1
| #define HAVE_FORK 1
| #define HAVE_VFORK 1
| #define HAVE_WORKING_VFORK 1
| #define HAVE_WORKING_FORK 1
| /* end confdefs.h.  */
| #include <stdio.h>
| #ifdef HAVE_SYS_TYPES_H
| # include <sys/types.h>
| #endif
| #ifdef HAVE_SYS_STAT_H
| # include <sys/stat.h>
| #endif
| #ifdef STDC_HEADERS
| # include <stdlib.h>
| # include <stddef.h>
| #else
| # ifdef HAVE_STDLIB_H
| #  include <stdlib.h>
| # endif
| #endif
| #ifdef HAVE_STRING_H
| # if !defined STDC_HEADERS && defined HAVE_MEMORY_H
| #  include <memory.h>
| # endif
| # include <string.h>
| #endif
| #ifdef HAVE_STRINGS_H
| # include <strings.h>
| #endif
| #ifdef HAVE_INTTYPES_H
| # include <inttypes.h>
| #endif
| #ifdef HAVE_STDINT_H
| # include <stdint.h>
| #endif
| #ifdef HAVE_UNISTD_H
| # include <unistd.h>
| #endif
| #include <sys/mkdev.h>
configure:5501: result: no
configure:5501: checking sys/mkdev.h presence
configure:5501: gcc -E  conftest.c
conftest.c:41:10: fatal error: sys/mkdev.h: No such file or directory
   41 | #include <sys/mkdev.h>
      |          ^~~~~~~~~~~~~
compilation terminated.
configure:5501: $? = 1
configure: failed program was:
| /* confdefs.h */
| #define PACKAGE_NAME "ucon"
| #define PACKAGE_TARNAME "ucon"
| #define PACKAGE_VERSION "23.0114"
| #define PACKAGE_STRING "ucon 23.0114"
| #define PACKAGE_BUGREPORT "www.sourceforge.net"
| #define PACKAGE_URL ""
| #define PACKAGE "ucon"
| #define VERSION "23.0114"
| #define HAVE_LIBUTIL 1
| #define STDC_HEADERS 1
| #define HAVE_SYS_WAIT_H 1
| #define HAVE_SYS_TYPES_H 1
| #define HAVE_SYS_STAT_H 1
| #define HAVE_STDLIB_H 1
| #define HAVE_STRING_H 1
| #define HAVE_MEMORY_H 1
| #define HAVE_STRINGS_H 1
| #define HAVE_INTTYPES_H 1
| #define HAVE_STDINT_H 1
| #define HAVE_UNISTD_H 1
| #define HAVE_FCNTL_H 1
| #define HAVE_LANGINFO_H 1
| #define HAVE_LOCALE_H 1
| #define HAVE_MALLOC_H 1
| #define HAVE_STDLIB_H 1
| #define HAVE_STRING_H 1
| #define HAVE_SYS_IOCTL_H 1
| #define HAVE_SYS_TIME_H 1
| #define HAVE_TERMIOS_H 1
| #define HAVE_UNISTD_H 1
| #define HAVE_UTMP_H 1
| #define HAVE_WCHAR_H 1
| #define HAVE_STRUCT_STAT_ST_RDEV 1
| #define TIME_WITH_SYS_TIME 1
| #define HAVE_FORK 1
| #define HAVE_VFORK 1
| #define HAVE_WORKING_VFORK 1
| #define HAVE_WORKING_FORK 1
| /* end confdefs.h.  */
| #include <sys/mkdev.h>
configure:5501: result: no
configure:5501: checking for sys/mkdev.h
configure:5501: result: no
configure:5511: checking sys/sysmacros.h usability
configure:5511: gcc -c -g -O2  conftest.c >&5
configure:5511: $? = 0
configure:5511: result: yes
configure:5511: checking sys/sysmacros.h presence
configure:5511: gcc -E  conftest.c
configure:5511: $? = 0
configure:5511: result: yes
configure:5511: checking for sys/sysmacros.h
configure:5511: result: yes
configure:5524: checking for stdlib.h
configure:5524: result: yes
configure:5534: checking for GNU libc compatible malloc
configure:5558: gcc -o conftest -g -O2   conftest.c -lutil  >&5
configure:5558: $? = 0
configure:5558: ./conftest
configure:5558: $? = 0
configure:5568: result: yes
configure:5595: checking for stdlib.h
configure:5595: result: yes
configure:5595: checking for unistd.h
configure:5595: result: yes
configure:5595: checking for sys/param.h
configure:5595: gcc -c -g -O2  conftest.c >&5
configure:5595: $? = 0
configure:5595: result: yes
configure:5615: checking for getpagesize
configure:5615: gcc -o conftest -g -O2   conftest.c -lutil  >&5
configure:5615: $? = 0
configure:5615: result: yes
configure:5624: checking for working mmap
configure:5773: gcc -o conftest -g -O2   conftest.c -lutil  >&5
configure:5773: $? = 0
configure:5773: ./conftest
configure:5773: $? = 0
configure:5783: result: yes
configure:5795: checking sys/select.h usability
configure:5795: gcc -c -g -O2  conftest.c >&5
configure:5795: $? = 0
configure:5795: result: yes
configure:5795: checking sys/select.h presence
configure:5795: gcc -E  conftest.c
configure:5795: $? = 0
configure:5795: result: yes
configure:5795: checking for sys/select.h
configure:5795: result: yes
configure:5795: checking sys/socket.h usability
configure:5795: gcc -c -g -O2  conftest.c >&5
configure:5795: $? = 0
configure:5795: result: yes
configure:5795: checking sys/socket.h presence
configure:5795: gcc -E  conftest.c
configure:5795: $? = 0
configure:5795: result: yes
configure:5795: checking for sys/socket.h
configure:5795: result: yes
configure:5805: checking types of arguments for select
configure:5833: gcc -c -g -O2  conftest.c >&5
configure:5833: $? = 0
configure:5844: result: int,fd_set *,struct timeval *
configure:5867: checking return type of signal handlers
configure:5885: gcc -c -g -O2  conftest.c >&5
conftest.c: In function 'main':
conftest.c:60:10: error: void value not ignored as it ought to be
   60 | return *(signal (0, 0)) (0) == 1;
      |         ~^~~~~~~~~~~~~~~~~~
configure:5885: $? = 1
configure: failed program was:
| /* confdefs.h */
| #define PACKAGE_NAME "ucon"
| #define PACKAGE_TARNAME "ucon"
| #define PACKAGE_VERSION "23.0114"
| #define PACKAGE_STRING "ucon 23.0114"
| #define PACKAGE_BUGREPORT "www.sourceforge.net"
| #define PACKAGE_URL ""
| #define PACKAGE "ucon"
| #define VERSION "23.0114"
| #define HAVE_LIBUTIL 1
| #define STDC_HEADERS 1
| #define HAVE_SYS_WAIT_H 1
| #define HAVE_SYS_TYPES_H 1
| #define HAVE_SYS_STAT_H 1
| #define HAVE_STDLIB_H 1
| #define HAVE_STRING_H 1
| #define HAVE_MEMORY_H 1
| #define HAVE_STRINGS_H 1
| #define HAVE_INTTYPES_H 1
| #define HAVE_STDINT_H 1
| #define HAVE_UNISTD_H 1
| #define HAVE_FCNTL_H 1
| #define HAVE_LANGINFO_H 1
| #define HAVE_LOCALE_H 1
| #define HAVE_MALLOC_H 1
| #define HAVE_STDLIB_H 1
| #define HAVE_STRING_H 1
| #define HAVE_SYS_IOCTL_H 1
| #define HAVE_SYS_TIME_H 1
| #define HAVE_TERMIOS_H 1
| #define HAVE_UNISTD_H 1
| #define HAVE_UTMP_H 1
| #define HAVE_WCHAR_H 1
| #define HAVE_STRUCT_STAT_ST_RDEV 1
| #define TIME_WITH_SYS_TIME 1
| #define HAVE_FORK 1
| #define HAVE_VFORK 1
| #define HAVE_WORKING_VFORK 1
| #define HAVE_WORKING_FORK 1
| #define MAJOR_IN_SYSMACROS 1
| #define HAVE_STDLIB_H 1
| #define HAVE_MALLOC 1
| #define HAVE_STDLIB_H 1
| #define HAVE_UNISTD_H 1
| #define HAVE_SYS_PARAM_H 1
| #define HAVE_GETPAGESIZE 1
| #define HAVE_MMAP 1
| #define HAVE_SYS_SELECT_H 1
| #define HAVE_SYS_SOCKET_H 1
| #define SELECT_TYPE_ARG1 int
| #define SELECT_TYPE_ARG234 (fd_set *)
| #define SELECT_TYPE_ARG5 (struct timeval *)
| /* end confdefs.h.  */
| #include <sys/types.h>
| #include <signal.h>
| 
| int
| main ()
| {
| return *(signal (0, 0)) (0) == 1;
|   ;
|   return 0;
| }
configure:5892: result: void
configure:5902: checking for vprintf
configure:5902: gcc -o conftest -g -O2   conftest.c -lutil  >&5
conftest.c:78:6: warning: conflicting types for built-in function 'vprintf'; expected 'int(const char *, __va_list_tag *)' [-Wbuiltin-declaration-mismatch]
   78 | char vprintf ();
      |      ^~~~~~~
conftest.c:66:1: note: 'vprintf' is declared in header '<stdio.h>'
   65 | # include <limits.h>
   66 | #else
configure:5902: $? = 0
configure:5902: result: yes
configure:5908: checking for _doprnt
configure:5908: gcc -o conftest -g -O2   conftest.c -lutil  >&5
/usr/bin/ld: /tmp/ccdFL8OJ.o: in function `main':
/media/user/9086eda5-eb82-451b-8d0f-97b552a1c912/home/user/@mx-home-backups/tools/ucon/src/conftest.c:90: undefined reference to `_doprnt'
collect2: error: ld returned 1 exit status
configure:5908: $? = 1
configure: failed program was:
| /* confdefs.h */
| #define PACKAGE_NAME "ucon"
| #define PACKAGE_TARNAME "ucon"
| #define PACKAGE_VERSION "23.0114"
| #define PACKAGE_STRING "ucon 23.0114"
| #define PACKAGE_BUGREPORT "www.sourceforge.net"
| #define PACKAGE_URL ""
| #define PACKAGE "ucon"
| #define VERSION "23.0114"
| #define HAVE_LIBUTIL 1
| #define STDC_HEADERS 1
| #define HAVE_SYS_WAIT_H 1
| #define HAVE_SYS_TYPES_H 1
| #define HAVE_SYS_STAT_H 1
| #define HAVE_STDLIB_H 1
| #define HAVE_STRING_H 1
| #define HAVE_MEMORY_H 1
| #define HAVE_STRINGS_H 1
| #define HAVE_INTTYPES_H 1
| #define HAVE_STDINT_H 1
| #define HAVE_UNISTD_H 1
| #define HAVE_FCNTL_H 1
| #define HAVE_LANGINFO_H 1
| #define HAVE_LOCALE_H 1
| #define HAVE_MALLOC_H 1
| #define HAVE_STDLIB_H 1
| #define HAVE_STRING_H 1
| #define HAVE_SYS_IOCTL_H 1
| #define HAVE_SYS_TIME_H 1
| #define HAVE_TERMIOS_H 1
| #define HAVE_UNISTD_H 1
| #define HAVE_UTMP_H 1
| #define HAVE_WCHAR_H 1
| #define HAVE_STRUCT_STAT_ST_RDEV 1
| #define TIME_WITH_SYS_TIME 1
| #define HAVE_FORK 1
| #define HAVE_VFORK 1
| #define HAVE_WORKING_VFORK 1
| #define HAVE_WORKING_FORK 1
| #define MAJOR_IN_SYSMACROS 1
| #define HAVE_STDLIB_H 1
| #define HAVE_MALLOC 1
| #define HAVE_STDLIB_H 1
| #define HAVE_UNISTD_H 1
| #define HAVE_SYS_PARAM_H 1
| #define HAVE_GETPAGESIZE 1
| #define HAVE_MMAP 1
| #define HAVE_SYS_SELECT_H 1
| #define HAVE_SYS_SOCKET_H 1
| #define SELECT_TYPE_ARG1 int
| #define SELECT_TYPE_ARG234 (fd_set *)
| #define SELECT_TYPE_ARG5 (struct timeval *)
| #define RETSIGTYPE void
| #define HAVE_VPRINTF 1
| /* end confdefs.h.  */
| /* Define _doprnt to an innocuous variant, in case <limits.h> declares _doprnt.
|    For example, HP-UX 11i <limits.h> declares gettimeofday.  */
| #define _doprnt innocuous__doprnt
| 
| /* System header to define __stub macros and hopefully few prototypes,
|     which can conflict with char _doprnt (); below.
|     Prefer <limits.h> to <assert.h> if __STDC__ is defined, since
|     <limits.h> exists even on freestanding compilers.  */
| 
| #ifdef __STDC__
| # include <limits.h>
| #else
| # include <assert.h>
| #endif
| 
| #undef _doprnt
| 
| /* Override any GCC internal prototype to avoid an error.
|    Use char because int might match the return type of a GCC
|    builtin and then its argument prototype would still apply.  */
| #ifdef __cplusplus
| extern "C"
| #endif
| char _doprnt ();
| /* The GNU C library defines this for functions which it implements
|     to always fail with ENOSYS.  Some functions are actually named
|     something starting with __ and the normal name is an alias.  */
| #if defined __stub__doprnt || defined __stub____doprnt
| choke me
| #endif
| 
| int
| main ()
| {
| return _doprnt ();
|   ;
|   return 0;
| }
configure:5908: result: no
configure:5922: checking for atexit
configure:5922: gcc -o conftest -g -O2   conftest.c -lutil  >&5
configure:5922: $? = 0
configure:5922: result: yes
configure:5922: checking for bzero
configure:5922: gcc -o conftest -g -O2   conftest.c -lutil  >&5
conftest.c:80:6: warning: conflicting types for built-in function 'bzero'; expected 'void(void *, long unsigned int)' [-Wbuiltin-declaration-mismatch]
   80 | char bzero ();
      |      ^~~~~
configure:5922: $? = 0
configure:5922: result: yes
configure:5922: checking for dup2
configure:5922: gcc -o conftest -g -O2   conftest.c -lutil  >&5
configure:5922: $? = 0
configure:5922: result: yes
configure:5922: checking for memmove
configure:5922: gcc -o conftest -g -O2   conftest.c -lutil  >&5
conftest.c:82:6: warning: conflicting types for built-in function 'memmove'; expected 'void *(void *, const void *, long unsigned int)' [-Wbuiltin-declaration-mismatch]
   82 | char memmove ();
      |      ^~~~~~~
conftest.c:70:1: note: 'memmove' is declared in header '<string.h>'
   69 | # include <limits.h>
   70 | #else
configure:5922: $? = 0
configure:5922: result: yes
configure:5922: checking for memset
configure:5922: gcc -o conftest -g -O2   conftest.c -lutil  >&5
conftest.c:83:6: warning: conflicting types for built-in function 'memset'; expected 'void *(void *, int,  long unsigned int)' [-Wbuiltin-declaration-mismatch]
   83 | char memset ();
      |      ^~~~~~
conftest.c:71:1: note: 'memset' is declared in header '<string.h>'
   70 | # include <limits.h>
   71 | #else
configure:5922: $? = 0
configure:5922: result: yes
configure:5922: checking for munmap
configure:5922: gcc -o conftest -g -O2   conftest.c -lutil  >&5
configure:5922: $? = 0
configure:5922: result: yes
configure:5922: checking for pow
configure:5922: gcc -o conftest -g -O2   conftest.c -lutil  >&5
conftest.c:85:6: warning: conflicting types for built-in function 'pow'; expected 'double(double,  double)' [-Wbuiltin-declaration-mismatch]
   85 | char pow ();
      |      ^~~
conftest.c:73:1: note: 'pow' is declared in header '<math.h>'
   72 | # include <limits.h>
   73 | #else
/usr/bin/ld: /tmp/ccMa958a.o: in function `main':
/media/user/9086eda5-eb82-451b-8d0f-97b552a1c912/home/user/@mx-home-backups/tools/ucon/src/conftest.c:96: undefined reference to `pow'
collect2: error: ld returned 1 exit status
configure:5922: $? = 1
configure: failed program was:
| /* confdefs.h */
| #define PACKAGE_NAME "ucon"
| #define PACKAGE_TARNAME "ucon"
| #define PACKAGE_VERSION "23.0114"
| #define PACKAGE_STRING "ucon 23.0114"
| #define PACKAGE_BUGREPORT "www.sourceforge.net"
| #define PACKAGE_URL ""
| #define PACKAGE "ucon"
| #define VERSION "23.0114"
| #define HAVE_LIBUTIL 1
| #define STDC_HEADERS 1
| #define HAVE_SYS_WAIT_H 1
| #define HAVE_SYS_TYPES_H 1
| #define HAVE_SYS_STAT_H 1
| #define HAVE_STDLIB_H 1
| #define HAVE_STRING_H 1
| #define HAVE_MEMORY_H 1
| #define HAVE_STRINGS_H 1
| #define HAVE_INTTYPES_H 1
| #define HAVE_STDINT_H 1
| #define HAVE_UNISTD_H 1
| #define HAVE_FCNTL_H 1
| #define HAVE_LANGINFO_H 1
| #define HAVE_LOCALE_H 1
| #define HAVE_MALLOC_H 1
| #define HAVE_STDLIB_H 1
| #define HAVE_STRING_H 1
| #define HAVE_SYS_IOCTL_H 1
| #define HAVE_SYS_TIME_H 1
| #define HAVE_TERMIOS_H 1
| #define HAVE_UNISTD_H 1
| #define HAVE_UTMP_H 1
| #define HAVE_WCHAR_H 1
| #define HAVE_STRUCT_STAT_ST_RDEV 1
| #define TIME_WITH_SYS_TIME 1
| #define HAVE_FORK 1
| #define HAVE_VFORK 1
| #define HAVE_WORKING_VFORK 1
| #define HAVE_WORKING_FORK 1
| #define MAJOR_IN_SYSMACROS 1
| #define HAVE_STDLIB_H 1
| #define HAVE_MALLOC 1
| #define HAVE_STDLIB_H 1
| #define HAVE_UNISTD_H 1
| #define HAVE_SYS_PARAM_H 1
| #define HAVE_GETPAGESIZE 1
| #define HAVE_MMAP 1
| #define HAVE_SYS_SELECT_H 1
| #define HAVE_SYS_SOCKET_H 1
| #define SELECT_TYPE_ARG1 int
| #define SELECT_TYPE_ARG234 (fd_set *)
| #define SELECT_TYPE_ARG5 (struct timeval *)
| #define RETSIGTYPE void
| #define HAVE_VPRINTF 1
| #define HAVE_ATEXIT 1
| #define HAVE_BZERO 1
| #define HAVE_DUP2 1
| #define HAVE_MEMMOVE 1
| #define HAVE_MEMSET 1
| #define HAVE_MUNMAP 1
| /* end confdefs.h.  */
| /* Define pow to an innocuous variant, in case <limits.h> declares pow.
|    For example, HP-UX 11i <limits.h> declares gettimeofday.  */
| #define pow innocuous_pow
| 
| /* System header to define __stub macros and hopefully few prototypes,
|     which can conflict with char pow (); below.
|     Prefer <limits.h> to <assert.h> if __STDC__ is defined, since
|     <limits.h> exists even on freestanding compilers.  */
| 
| #ifdef __STDC__
| # include <limits.h>
| #else
| # include <assert.h>
| #endif
| 
| #undef pow
| 
| /* Override any GCC internal prototype to avoid an error.
|    Use char because int might match the return type of a GCC
|    builtin and then its argument prototype would still apply.  */
| #ifdef __cplusplus
| extern "C"
| #endif
| char pow ();
| /* The GNU C library defines this for functions which it implements
|     to always fail with ENOSYS.  Some functions are actually named
|     something starting with __ and the normal name is an alias.  */
| #if defined __stub_pow || defined __stub___pow
| choke me
| #endif
| 
| int
| main ()
| {
| return pow ();
|   ;
|   return 0;
| }
configure:5922: result: no
configure:5922: checking for select
configure:5922: gcc -o conftest -g -O2   conftest.c -lutil  >&5
configure:5922: $? = 0
configure:5922: result: yes
configure:5922: checking for setenv
configure:5922: gcc -o conftest -g -O2   conftest.c -lutil  >&5
configure:5922: $? = 0
configure:5922: result: yes
configure:5922: checking for setlocale
configure:5922: gcc -o conftest -g -O2   conftest.c -lutil  >&5
configure:5922: $? = 0
configure:5922: result: yes
configure:5922: checking for strcasecmp
configure:5922: gcc -o conftest -g -O2   conftest.c -lutil  >&5
conftest.c:88:6: warning: conflicting types for built-in function 'strcasecmp'; expected 'int(const char *, const char *)' [-Wbuiltin-declaration-mismatch]
   88 | char strcasecmp ();
      |      ^~~~~~~~~~
configure:5922: $? = 0
configure:5922: result: yes
configure:5922: checking for strchr
configure:5922: gcc -o conftest -g -O2   conftest.c -lutil  >&5
conftest.c:89:6: warning: conflicting types for built-in function 'strchr'; expected 'char *(const char *, int)' [-Wbuiltin-declaration-mismatch]
   89 | char strchr ();
      |      ^~~~~~
conftest.c:77:1: note: 'strchr' is declared in header '<string.h>'
   76 | # include <limits.h>
   77 | #else
configure:5922: $? = 0
configure:5922: result: yes
configure:5922: checking for strdup
configure:5922: gcc -o conftest -g -O2   conftest.c -lutil  >&5
conftest.c:90:6: warning: conflicting types for built-in function 'strdup'; expected 'char *(const char *)' [-Wbuiltin-declaration-mismatch]
   90 | char strdup ();
      |      ^~~~~~
configure:5922: $? = 0
configure:5922: result: yes
configure:5922: checking for strerror
configure:5922: gcc -o conftest -g -O2   conftest.c -lutil  >&5
configure:5922: $? = 0
configure:5922: result: yes
configure:5922: checking for strtol
configure:5922: gcc -o conftest -g -O2   conftest.c -lutil  >&5
configure:5922: $? = 0
configure:5922: result: yes
configure:5939: checking whether to enable debugging
configure:5948: result: no
configure:5959: checking whether to enable 8bpp
configure:5962: result: yes
configure:5979: checking whether to enable 15bpp
configure:5982: result: yes
configure:5999: checking whether to enable 16bpp
configure:6002: result: yes
configure:6019: checking whether to enable 24bpp
configure:6022: result: yes
configure:6039: checking whether to enable 32bpp
configure:6042: result: yes
configure:6059: checking whether to enable 10 pixel font
configure:6062: result: yes
configure:6079: checking whether to enable 12 pixel font
configure:6082: result: yes
configure:6099: checking whether to enable 14 pixel font
configure:6102: result: yes
configure:6119: checking whether to enable 16 pixel font
configure:6122: result: yes
configure:6139: checking whether to enable Japanese-IM
configure:6142: result: yes
configure:6159: checking whether to enable Screen shot
configure:6169: result: no
configure:6180: checking whether to enable more than 255 columns
configure:6189: result: no
configure:6200: checking whether to enable dimmer
configure:6209: result: no
configure:6316: checking that generated files are newer than configure
configure:6322: result: done
configure:6349: creating ./config.status

## ---------------------- ##
## Running config.status. ##
## ---------------------- ##

This file was extended by ucon config.status 23.0114, which was
generated by GNU Autoconf 2.69.  Invocation command line was

  CONFIG_FILES    = 
  CONFIG_HEADERS  = 
  CONFIG_LINKS    = 
  CONFIG_COMMANDS = 
  $ ./config.status 

on user-dynabook-P1-S3LN-BL

config.status:920: creating Makefile
config.status:920: creating config.h
config.status:1101: config.h is unchanged
config.status:1149: executing depfiles commands
config.status:1226: cd .       && sed -e '/# am--include-marker/d' Makefile         | make -f - am--depfiles
make: Nothing to be done for 'am--depfiles'.
config.status:1231: $? = 0

## ---------------- ##
## Cache variables. ##
## ---------------- ##

ac_cv_c_compiler_gnu=yes
ac_cv_c_const=yes
ac_cv_c_inline=inline
ac_cv_cxx_compiler_gnu=yes
ac_cv_env_CCC_set=
ac_cv_env_CCC_value=
ac_cv_env_CC_set=
ac_cv_env_CC_value=
ac_cv_env_CFLAGS_set=
ac_cv_env_CFLAGS_value=
ac_cv_env_CPPFLAGS_set=
ac_cv_env_CPPFLAGS_value=
ac_cv_env_CPP_set=
ac_cv_env_CPP_value=
ac_cv_env_CXXFLAGS_set=
ac_cv_env_CXXFLAGS_value=
ac_cv_env_CXX_set=
ac_cv_env_CXX_value=
ac_cv_env_LDFLAGS_set=
ac_cv_env_LDFLAGS_value=
ac_cv_env_LIBS_set=
ac_cv_env_LIBS_value=
ac_cv_env_build_alias_set=
ac_cv_env_build_alias_value=
ac_cv_env_host_alias_set=
ac_cv_env_host_alias_value=
ac_cv_env_target_alias_set=
ac_cv_env_target_alias_value=
ac_cv_func__doprnt=no
ac_cv_func_atexit=yes
ac_cv_func_bzero=yes
ac_cv_func_dup2=yes
ac_cv_func_fork=yes
ac_cv_func_fork_works=yes
ac_cv_func_getpagesize=yes
ac_cv_func_malloc_0_nonnull=yes
ac_cv_func_memmove=yes
ac_cv_func_memset=yes
ac_cv_func_mmap_fixed_mapped=yes
ac_cv_func_munmap=yes
ac_cv_func_pow=no
ac_cv_func_select=yes
ac_cv_func_select_args='int,fd_set *,struct timeval *'
ac_cv_func_setenv=yes
ac_cv_func_setlocale=yes
ac_cv_func_strcasecmp=yes
ac_cv_func_strchr=yes
ac_cv_func_strdup=yes
ac_cv_func_strerror=yes
ac_cv_func_strtol=yes
ac_cv_func_vfork=yes
ac_cv_func_vfork_works=yes
ac_cv_func_vprintf=yes
ac_cv_header_fcntl_h=yes
ac_cv_header_inttypes_h=yes
ac_cv_header_langinfo_h=yes
ac_cv_header_locale_h=yes
ac_cv_header_malloc_h=yes
ac_cv_header_memory_h=yes
ac_cv_header_stdc=yes
ac_cv_header_stdint_h=yes
ac_cv_header_stdlib_h=yes
ac_cv_header_string_h=yes
ac_cv_header_strings_h=yes
ac_cv_header_sys_ioctl_h=yes
ac_cv_header_sys_mkdev_h=no
ac_cv_header_sys_param_h=yes
ac_cv_header_sys_select_h=yes
ac_cv_header_sys_socket_h=yes
ac_cv_header_sys_stat_h=yes
ac_cv_header_sys_sysmacros_h=yes
ac_cv_header_sys_time_h=yes
ac_cv_header_sys_types_h=yes
ac_cv_header_sys_types_h_makedev=no
ac_cv_header_sys_wait_h=yes
ac_cv_header_termios_h=yes
ac_cv_header_time=yes
ac_cv_header_unistd_h=yes
ac_cv_header_utmp_h=yes
ac_cv_header_vfork_h=no
ac_cv_header_wchar_h=yes
ac_cv_lib_util_main=yes
ac_cv_member_struct_stat_st_rdev=yes
ac_cv_objext=o
ac_cv_path_EGREP='/usr/bin/grep -E'
ac_cv_path_GREP=/usr/bin/grep
ac_cv_path_install='/usr/bin/install -c'
ac_cv_path_mkdir=/usr/bin/mkdir
ac_cv_prog_AWK=mawk
ac_cv_prog_CPP='gcc -E'
ac_cv_prog_ac_ct_CC=gcc
ac_cv_prog_ac_ct_CXX=g++
ac_cv_prog_ac_ct_RANLIB=ranlib
ac_cv_prog_cc_c89=
ac_cv_prog_cc_g=yes
ac_cv_prog_cxx_g=yes
ac_cv_prog_gcc_traditional=no
ac_cv_prog_make_make_set=yes
ac_cv_type_off_t=yes
ac_cv_type_pid_t=yes
ac_cv_type_signal=void
ac_cv_type_size_t=yes
ac_cv_type_uid_t=yes
am_cv_CC_dependencies_compiler_type=gcc3
am_cv_CXX_dependencies_compiler_type=gcc3
am_cv_make_support_nested_variables=yes
am_cv_prog_cc_c_o=yes

## ----------------- ##
## Output variables. ##
## ----------------- ##

ACLOCAL='${SHELL} '\''/media/user/9086eda5-eb82-451b-8d0f-97b552a1c912/home/user/@mx-home-backups/tools/ucon/src/missing'\'' aclocal-1.16'
AMDEPBACKSLASH='\'
AMDEP_FALSE='#'
AMDEP_TRUE=''
AMTAR='$${TAR-tar}'
AM_BACKSLASH='\'
AM_DEFAULT_V='$(AM_DEFAULT_VERBOSITY)'
AM_DEFAULT_VERBOSITY='1'
AM_V='$(V)'
AUTOCONF='${SHELL} '\''/media/user/9086eda5-eb82-451b-8d0f-97b552a1c912/home/user/@mx-home-backups/tools/ucon/src/missing'\'' autoconf'
AUTOHEADER='${SHELL} '\''/media/user/9086eda5-eb82-451b-8d0f-97b552a1c912/home/user/@mx-home-backups/tools/ucon/src/missing'\'' autoheader'
AUTOMAKE='${SHELL} '\''/media/user/9086eda5-eb82-451b-8d0f-97b552a1c912/home/user/@mx-home-backups/tools/ucon/src/missing'\'' automake-1.16'
AWK='mawk'
CC='gcc'
CCDEPMODE='depmode=gcc3'
CFLAGS='-g -O2'
CPP='gcc -E'
CPPFLAGS=''
CXX='g++'
CXXDEPMODE='depmode=gcc3'
CXXFLAGS='-g -O2'
CYGPATH_W='echo'
DEFS='-DHAVE_CONFIG_H'
DEPDIR='.deps'
ECHO_C=''
ECHO_N='-n'
ECHO_T=''
EGREP='/usr/bin/grep -E'
EXEEXT=''
GREP='/usr/bin/grep'
INSTALL_DATA='${INSTALL} -m 644'
INSTALL_PROGRAM='${INSTALL}'
INSTALL_SCRIPT='${INSTALL}'
INSTALL_STRIP_PROGRAM='$(install_sh) -c -s'
LDFLAGS=''
LIBOBJS=''
LIBS='-lutil '
LN_S='ln -s'
LTLIBOBJS=''
MAKEINFO='${SHELL} '\''/media/user/9086eda5-eb82-451b-8d0f-97b552a1c912/home/user/@mx-home-backups/tools/ucon/src/missing'\'' makeinfo'
MKDIR_P='/usr/bin/mkdir -p'
OBJEXT='o'
PACKAGE='ucon'
PACKAGE_BUGREPORT='www.sourceforge.net'
PACKAGE_NAME='ucon'
PACKAGE_STRING='ucon 23.0114'
PACKAGE_TARNAME='ucon'
PACKAGE_URL=''
PACKAGE_VERSION='23.0114'
PATH_SEPARATOR=':'
RANLIB='ranlib'
SET_MAKE=''
SHELL='/bin/bash'
STRIP=''
VERSION='23.0114'
ac_ct_CC='gcc'
ac_ct_CXX='g++'
am__EXEEXT_FALSE=''
am__EXEEXT_TRUE='#'
am__fastdepCC_FALSE='#'
am__fastdepCC_TRUE=''
am__fastdepCXX_FALSE='#'
am__fastdepCXX_TRUE=''
am__include='include'
am__isrc=''
am__leading_dot='.'
am__nodep='_no'
am__quote=''
am__tar='$${TAR-tar} chof - "$$tardir"'
am__untar='$${TAR-tar} xf -'
bindir='${exec_prefix}/bin'
build_alias=''
datadir='${datarootdir}'
datarootdir='${prefix}/share'
docdir='${datarootdir}/doc/${PACKAGE_TARNAME}'
dvidir='${docdir}'
exec_prefix='${prefix}'
host_alias=''
htmldir='${docdir}'
includedir='${prefix}/include'
infodir='${datarootdir}/info'
install_sh='${SHELL} /media/user/9086eda5-eb82-451b-8d0f-97b552a1c912/home/user/@mx-home-backups/tools/ucon/src/install-sh'
libdir='${exec_prefix}/lib'
libexecdir='${exec_prefix}/libexec'
localedir='${datarootdir}/locale'
localstatedir='${prefix}/var'
mandir='${datarootdir}/man'
mkdir_p='$(MKDIR_P)'
oldincludedir='/usr/include'
pdfdir='${docdir}'
prefix='/usr/local'
program_transform_name='s,x,x,'
psdir='${docdir}'
runstatedir='${localstatedir}/run'
sbindir='${exec_prefix}/sbin'
sharedstatedir='${prefix}/com'
sysconfdir='${prefix}/etc'
target_alias=''

## ----------- ##
## confdefs.h. ##
## ----------- ##

/* confdefs.h */
#define PACKAGE_NAME "ucon"
#define PACKAGE_TARNAME "ucon"
#define PACKAGE_VERSION "23.0114"
#define PACKAGE_STRING "ucon 23.0114"
#define PACKAGE_BUGREPORT "www.sourceforge.net"
#define PACKAGE_URL ""
#define PACKAGE "ucon"
#define VERSION "23.0114"
#define HAVE_LIBUTIL 1
#define STDC_HEADERS 1
#define HAVE_SYS_WAIT_H 1
#define HAVE_SYS_TYPES_H 1
#define HAVE_SYS_STAT_H 1
#define HAVE_STDLIB_H 1
#define HAVE_STRING_H 1
#define HAVE_MEMORY_H 1
#define HAVE_STRINGS_H 1
#define HAVE_INTTYPES_H 1
#define HAVE_STDINT_H 1
#define HAVE_UNISTD_H 1
#define HAVE_FCNTL_H 1
#define HAVE_LANGINFO_H 1
#define HAVE_LOCALE_H 1
#define HAVE_MALLOC_H 1
#define HAVE_STDLIB_H 1
#define HAVE_STRING_H 1
#define HAVE_SYS_IOCTL_H 1
#define HAVE_SYS_TIME_H 1
#define HAVE_TERMIOS_H 1
#define HAVE_UNISTD_H 1
#define HAVE_UTMP_H 1
#define HAVE_WCHAR_H 1
#define HAVE_STRUCT_STAT_ST_RDEV 1
#define TIME_WITH_SYS_TIME 1
#define HAVE_FORK 1
#define HAVE_VFORK 1
#define HAVE_WORKING_VFORK 1
#define HAVE_WORKING_FORK 1
#define MAJOR_IN_SYSMACROS 1
#define HAVE_STDLIB_H 1
#define HAVE_MALLOC 1
#define HAVE_STDLIB_H 1
#define HAVE_UNISTD_H 1
#define HAVE_SYS_PARAM_H 1
#define HAVE_GETPAGESIZE 1
#define HAVE_MMAP 1
#define HAVE_SYS_SELECT_H 1
#define HAVE_SYS_SOCKET_H 1
#define SELECT_TYPE_ARG1 int
#define SELECT_TYPE_ARG234 (fd_set *)
#define SELECT_TYPE_ARG5 (struct timeval *)
#define RETSIGTYPE void
#define HAVE_VPRINTF 1
#define HAVE_ATEXIT 1
#define HAVE_BZERO 1
#define HAVE_DUP2 1
#define HAVE_MEMMOVE 1
#define HAVE_MEMSET 1
#define HAVE_MUNMAP 1
#define HAVE_SELECT 1
#define HAVE_SETENV 1
#define HAVE_SETLOCALE 1
#define HAVE_STRCASECMP 1
#define HAVE_STRCHR 1
#define HAVE_STRDUP 1
#define HAVE_STRERROR 1
#define HAVE_STRTOL 1
#define ENABLE_8BPP 1
#define ENABLE_15BPP 1
#define ENABLE_16BPP 1
#define ENABLE_24BPP 1
#define ENABLE_32BPP 1
#define ENABLE_FONT10 1
#define ENABLE_FONT12 1
#define ENABLE_FONT14 1
#define ENABLE_FONT16 1
#define ENABLE_IMJ 1

configure: exit 0
